<?xml version="1.0" encoding="UTF-8"?>
<testsuite xmlns:xsi="http://www.w3.org/2001/XMLSchema-instance" xsi:noNamespaceSchemaLocation="https://maven.apache.org/surefire/maven-surefire-plugin/xsd/surefire-test-report.xsd" name="edu.psgv.sweng861.flight_app.dto.FlightDateTest" time="0.001" tests="3" errors="0" skipped="0" failures="0">
  <properties>
[...]
</properties>
  <testcase name="testFormatSingleDay" classname="edu.psgv.sweng861.flight_app.dto.FlightDateTest" time="0"/>
  <testcase name="testFormatSingleMonth" classname="edu.psgv.sweng861.flight_app.dto.FlightDateTest" time="0"/>
  <testcase name="testFormatDoubleDigits" classname="edu.psgv.sweng861.flight_app.dto.FlightDateTest" time="0"/>
</testsuite>